### Starting at: Sat Feb 10 17:03:32 CST 2024 ###

### Starting with 1 worker ###
Loading required package: foreach
Loading required package: iterators
Loading required package: parallel
   user  system elapsed 
  1.340   0.061   1.410 
 [1]   -28.22559    36.64656    15.40451    23.33129   -53.76236   -15.88296
 [7]   -20.22855   104.81337    16.73784    18.17527 -3445.86312   -18.07226
[13]   -16.80578  -111.53035    20.07449    15.92461    55.42290   -23.09551
[19]   -15.42458   -37.37079    27.84286    15.25095    28.62125   -35.95263
[25]   -15.38570   -23.57380    52.20241    15.84278    20.38660   -98.86681
[31]   -16.67174   -18.28089  1148.65104    17.97182    16.87560   119.17716
[37]   -19.92431   -15.96772   -57.19390    22.86622    15.44591    38.12727
[43]   -27.47250   -15.25274   -29.03048    35.28720    15.36814    23.82330
[49]   -50.73429   -15.80403   -20.54876    93.56572    16.60747    18.38921
[55]  -689.22662   -17.87387   -16.94734  -127.96050    19.77790    16.01233
[61]    59.08661   -22.64319   -15.46851   -38.91813
### Ending with 1 worker ###


### Starting with 4 worker ###
Loading required package: foreach
Loading required package: iterators
Loading required package: parallel
   user  system elapsed 
  1.047   0.131   1.583 
 [1]   -28.22559   -53.76236    16.73784   -16.80578    55.42290    27.84286
 [7]   -15.38570    20.38660  1148.65104   -19.92431    15.44591   -29.03048
[13]   -50.73429    16.60747   -16.94734    59.08661    36.64656   -15.88296
[19]    18.17527  -111.53035   -23.09551    15.25095   -23.57380   -98.86681
[25]    17.97182   -15.96772    38.12727    35.28720   -15.80403    18.38921
[31]  -127.96050   -22.64319    15.40451   -20.22855 -3445.86312    20.07449
[37]   -15.42458    28.62125    52.20241   -16.67174    16.87560   -57.19390
[43]   -27.47250    15.36814   -20.54876  -689.22662    19.77790   -15.46851
[49]    23.33129   104.81337   -18.07226    15.92461   -37.37079   -35.95263
[55]    15.84278   -18.28089   119.17716    22.86622   -15.25274    23.82330
[61]    93.56572   -17.87387    16.01233   -38.91813
### Ending with 4 worker ###


### Starting with 8 worker ###
Loading required package: foreach
Loading required package: iterators
Loading required package: parallel
   user  system elapsed 
  0.931   0.171   1.769 
 [1]   -28.22559    16.73784    55.42290   -15.38570  1148.65104    15.44591
 [7]   -50.73429   -16.94734    36.64656    18.17527   -23.09551   -23.57380
[13]    17.97182    38.12727   -15.80403  -127.96050    15.40451 -3445.86312
[19]   -15.42458    52.20241    16.87560   -27.47250   -20.54876    19.77790
[25]    23.33129   -18.07226   -37.37079    15.84278   119.17716   -15.25274
[31]    93.56572    16.01233   -53.76236   -16.80578    27.84286    20.38660
[37]   -19.92431   -29.03048    16.60747    59.08661   -15.88296  -111.53035
[43]    15.25095   -98.86681   -15.96772    35.28720    18.38921   -22.64319
[49]   -20.22855    20.07449    28.62125   -16.67174   -57.19390    15.36814
[55]  -689.22662   -15.46851   104.81337    15.92461   -35.95263   -18.28089
[61]    22.86622    23.82330   -17.87387   -38.91813
### Ending with 8 worker ###


### Starting with 16 worker ###
Loading required package: foreach
Loading required package: iterators
Loading required package: parallel
   user  system elapsed 
  1.491   0.450   2.223 
 [1]   -28.22559    55.42290  1148.65104   -50.73429    36.64656   -23.09551
 [7]    17.97182   -15.80403    15.40451   -15.42458    16.87560   -20.54876
[13]    23.33129   -37.37079   119.17716    93.56572   -53.76236    27.84286
[19]   -19.92431    16.60747   -15.88296    15.25095   -15.96772    18.38921
[25]   -20.22855    28.62125   -57.19390  -689.22662   104.81337   -35.95263
[31]    22.86622   -17.87387    16.73784   -15.38570    15.44591   -16.94734
[37]    18.17527   -23.57380    38.12727  -127.96050 -3445.86312    52.20241
[43]   -27.47250    19.77790   -18.07226    15.84278   -15.25274    16.01233
[49]   -16.80578    20.38660   -29.03048    59.08661  -111.53035   -98.86681
[55]    35.28720   -22.64319    20.07449   -16.67174    15.36814   -15.46851
[61]    15.92461   -18.28089    23.82330   -38.91813
### Ending with 16 worker ###


### Starting with 32 worker ###
Loading required package: foreach
Loading required package: iterators
Loading required package: parallel
   user  system elapsed 
  1.337   0.607   2.160 
 [1]   -28.22559  1148.65104    36.64656    17.97182    15.40451    16.87560
 [7]    23.33129   119.17716   -53.76236   -19.92431   -15.88296   -15.96772
[13]   -20.22855   -57.19390   104.81337    22.86622    16.73784    15.44591
[19]    18.17527    38.12727 -3445.86312   -27.47250   -18.07226   -15.25274
[25]   -16.80578   -29.03048  -111.53035    35.28720    20.07449    15.36814
[31]    15.92461    23.82330    55.42290   -50.73429   -23.09551   -15.80403
[37]   -15.42458   -20.54876   -37.37079    93.56572    27.84286    16.60747
[43]    15.25095    18.38921    28.62125  -689.22662   -35.95263   -17.87387
[49]   -15.38570   -16.94734   -23.57380  -127.96050    52.20241    19.77790
[55]    15.84278    16.01233    20.38660    59.08661   -98.86681   -22.64319
[61]   -16.67174   -15.46851   -18.28089   -38.91813
### Ending with 32 worker ###


### Starting with 64 worker ###
Loading required package: foreach
Loading required package: iterators
Loading required package: parallel
   user  system elapsed 
  0.965   0.356   1.349 
 [1]   -28.22559    36.64656    15.40451    23.33129   -53.76236   -15.88296
 [7]   -20.22855   104.81337    16.73784    18.17527 -3445.86312   -18.07226
[13]   -16.80578  -111.53035    20.07449    15.92461    55.42290   -23.09551
[19]   -15.42458   -37.37079    27.84286    15.25095    28.62125   -35.95263
[25]   -15.38570   -23.57380    52.20241    15.84278    20.38660   -98.86681
[31]   -16.67174   -18.28089  1148.65104    17.97182    16.87560   119.17716
[37]   -19.92431   -15.96772   -57.19390    22.86622    15.44591    38.12727
[43]   -27.47250   -15.25274   -29.03048    35.28720    15.36814    23.82330
[49]   -50.73429   -15.80403   -20.54876    93.56572    16.60747    18.38921
[55]  -689.22662   -17.87387   -16.94734  -127.96050    19.77790    16.01233
[61]    59.08661   -22.64319   -15.46851   -38.91813
### Ending with 64 worker ###

### Ending at: Sat Feb 10 17:03:53 CST 2024 ###
