### Starting at: Tue Feb 13 17:25:23 CST 2024 ###

### Starting with 1 worker ###
Loading required package: foreach
Loading required package: iterators
Loading required package: parallel
   user  system elapsed 
  1.270   0.174   1.451 
 [1]   -28.22559    36.64656    15.40451    23.33129   -53.76236   -15.88296
 [7]   -20.22855   104.81337    16.73784    18.17527 -3445.86312   -18.07226
[13]   -16.80578  -111.53035    20.07449    15.92461    55.42290   -23.09551
[19]   -15.42458   -37.37079    27.84286    15.25095    28.62125   -35.95263
[25]   -15.38570   -23.57380    52.20241    15.84278    20.38660   -98.86681
[31]   -16.67174   -18.28089  1148.65104    17.97182    16.87560   119.17716
[37]   -19.92431   -15.96772   -57.19390    22.86622    15.44591    38.12727
[43]   -27.47250   -15.25274   -29.03048    35.28720    15.36814    23.82330
[49]   -50.73429   -15.80403   -20.54876    93.56572    16.60747    18.38921
[55]  -689.22662   -17.87387   -16.94734  -127.96050    19.77790    16.01233
[61]    59.08661   -22.64319   -15.46851   -38.91813
### Ending with 1 worker ###


### Starting with 4 worker ###
Loading required package: foreach
Loading required package: iterators
Loading required package: parallel
   user  system elapsed 
  0.668   0.115   1.560 
 [1]   -28.22559    36.64656    15.40451    23.33129   -53.76236   -15.88296
 [7]   -20.22855   104.81337    16.73784    18.17527 -3445.86312   -18.07226
[13]   -16.80578  -111.53035    20.07449    15.92461    55.42290   -23.09551
[19]   -15.42458   -37.37079    27.84286    15.25095    28.62125   -35.95263
[25]   -15.38570   -23.57380    52.20241    15.84278    20.38660   -98.86681
[31]   -16.67174   -18.28089  1148.65104    17.97182    16.87560   119.17716
[37]   -19.92431   -15.96772   -57.19390    22.86622    15.44591    38.12727
[43]   -27.47250   -15.25274   -29.03048    35.28720    15.36814    23.82330
[49]   -50.73429   -15.80403   -20.54876    93.56572    16.60747    18.38921
[55]  -689.22662   -17.87387   -16.94734  -127.96050    19.77790    16.01233
[61]    59.08661   -22.64319   -15.46851   -38.91813
### Ending with 4 worker ###


### Starting with 8 worker ###
Loading required package: foreach
Loading required package: iterators
Loading required package: parallel
   user  system elapsed 
  1.056   0.201   1.676 
 [1]   -28.22559    36.64656    15.40451    23.33129   -53.76236   -15.88296
 [7]   -20.22855   104.81337    16.73784    18.17527 -3445.86312   -18.07226
[13]   -16.80578  -111.53035    20.07449    15.92461    55.42290   -23.09551
[19]   -15.42458   -37.37079    27.84286    15.25095    28.62125   -35.95263
[25]   -15.38570   -23.57380    52.20241    15.84278    20.38660   -98.86681
[31]   -16.67174   -18.28089  1148.65104    17.97182    16.87560   119.17716
[37]   -19.92431   -15.96772   -57.19390    22.86622    15.44591    38.12727
[43]   -27.47250   -15.25274   -29.03048    35.28720    15.36814    23.82330
[49]   -50.73429   -15.80403   -20.54876    93.56572    16.60747    18.38921
[55]  -689.22662   -17.87387   -16.94734  -127.96050    19.77790    16.01233
[61]    59.08661   -22.64319   -15.46851   -38.91813
### Ending with 8 worker ###


### Starting with 16 worker ###
Loading required package: foreach
Loading required package: iterators
Loading required package: parallel
   user  system elapsed 
  1.474   0.403   2.012 
 [1]   -28.22559    36.64656    15.40451    23.33129   -53.76236   -15.88296
 [7]   -20.22855   104.81337    16.73784    18.17527 -3445.86312   -18.07226
[13]   -16.80578  -111.53035    20.07449    15.92461    55.42290   -23.09551
[19]   -15.42458   -37.37079    27.84286    15.25095    28.62125   -35.95263
[25]   -15.38570   -23.57380    52.20241    15.84278    20.38660   -98.86681
[31]   -16.67174   -18.28089  1148.65104    17.97182    16.87560   119.17716
[37]   -19.92431   -15.96772   -57.19390    22.86622    15.44591    38.12727
[43]   -27.47250   -15.25274   -29.03048    35.28720    15.36814    23.82330
[49]   -50.73429   -15.80403   -20.54876    93.56572    16.60747    18.38921
[55]  -689.22662   -17.87387   -16.94734  -127.96050    19.77790    16.01233
[61]    59.08661   -22.64319   -15.46851   -38.91813
### Ending with 16 worker ###


### Starting with 32 worker ###
Loading required package: foreach
Loading required package: iterators
Loading required package: parallel
   user  system elapsed 
  0.968   0.289   1.304 
 [1]   -28.22559    36.64656    15.40451    23.33129   -53.76236   -15.88296
 [7]   -20.22855   104.81337    16.73784    18.17527 -3445.86312   -18.07226
[13]   -16.80578  -111.53035    20.07449    15.92461    55.42290   -23.09551
[19]   -15.42458   -37.37079    27.84286    15.25095    28.62125   -35.95263
[25]   -15.38570   -23.57380    52.20241    15.84278    20.38660   -98.86681
[31]   -16.67174   -18.28089  1148.65104    17.97182    16.87560   119.17716
[37]   -19.92431   -15.96772   -57.19390    22.86622    15.44591    38.12727
[43]   -27.47250   -15.25274   -29.03048    35.28720    15.36814    23.82330
[49]   -50.73429   -15.80403   -20.54876    93.56572    16.60747    18.38921
[55]  -689.22662   -17.87387   -16.94734  -127.96050    19.77790    16.01233
[61]    59.08661   -22.64319   -15.46851   -38.91813
### Ending with 32 worker ###


### Starting with 64 worker ###
Loading required package: foreach
Loading required package: iterators
Loading required package: parallel
   user  system elapsed 
  0.733   0.278   1.230 
 [1]   -28.22559    36.64656    15.40451    23.33129   -53.76236   -15.88296
 [7]   -20.22855   104.81337    16.73784    18.17527 -3445.86312   -18.07226
[13]   -16.80578  -111.53035    20.07449    15.92461    55.42290   -23.09551
[19]   -15.42458   -37.37079    27.84286    15.25095    28.62125   -35.95263
[25]   -15.38570   -23.57380    52.20241    15.84278    20.38660   -98.86681
[31]   -16.67174   -18.28089  1148.65104    17.97182    16.87560   119.17716
[37]   -19.92431   -15.96772   -57.19390    22.86622    15.44591    38.12727
[43]   -27.47250   -15.25274   -29.03048    35.28720    15.36814    23.82330
[49]   -50.73429   -15.80403   -20.54876    93.56572    16.60747    18.38921
[55]  -689.22662   -17.87387   -16.94734  -127.96050    19.77790    16.01233
[61]    59.08661   -22.64319   -15.46851   -38.91813
### Ending with 64 worker ###

### Ending at: Tue Feb 13 17:25:44 CST 2024 ###
